<?xml version="1.0" encoding="UTF-8"?>
<!-- Generated by org.testng.reporters.JUnitReportReporter -->
<testsuite hostname="LAPTOP-OOJD2GM0" failures="0" tests="1" name="FirstClassExtent" time="10.387" errors="0" timestamp="3 Mar 2023 04:32:05 GMT">
  <testcase classname="FirstClassExtent" name="getExtent" time="10.387"/>
</testsuite> <!-- FirstClassExtent -->
